2025-11-07 14:43:50 [INFO] [JobBot]: Inserted new job: Palantir - Forward Deployed Software Engineer, New Grad - Commercial
2025-11-07 14:43:50 [INFO] [JobBot]: Inserted new job: Palantir - Forward Deployed Software Engineer, New Grad - UK Government
2025-11-07 14:43:50 [INFO] [JobBot]: Inserted new job: Palantir - Forward Deployed Software Engineer, New Grad - US Government
2025-11-07 14:43:50 [INFO] [JobBot]: Inserted new job: Palantir - Product Designer, New Grad - Developer Experience
2025-11-07 14:43:50 [INFO] [JobBot]: Inserted new job: Palantir - Product Designer, New Grad - US Government
2025-11-07 14:43:50 [INFO] [JobBot]: Inserted new job: Palantir - Software Engineer, New Grad
2025-11-07 14:43:50 [INFO] [JobBot]: Inserted new job: Palantir - Software Engineer, New Grad - Defense
2025-11-07 14:43:50 [INFO] [JobBot]: Inserted new job: Palantir - Software Engineer, New Grad - Infrastructure
2025-11-07 14:43:50 [INFO] [JobBot]: Inserted new job: Palantir - Software Engineer, New Grad - Production Infrastructure
2025-11-07 14:43:50 [INFO] [JobBot]: Inserted new job: Palantir - Forward Deployed Software Engineer, Internship - Commercial
2025-11-07 14:43:50 [INFO] [JobBot]: Inserted new job: Palantir - Forward Deployed Software Engineer, Internship - UK Government
2025-11-07 14:43:50 [INFO] [JobBot]: Inserted new job: Palantir - Product Designer, Internship
2025-11-07 14:43:50 [INFO] [JobBot]: Inserted new job: Palantir - Product Designer, Internship - US Government
2025-11-07 14:43:50 [INFO] [JobBot]: Inserted new job: Palantir - Software Engineer, Internship
2025-11-07 14:43:50 [INFO] [JobBot]: Inserted new job: Palantir - Software Engineer, Internship - Defense Tech
2025-11-07 14:43:50 [INFO] [JobBot]: Inserted new job: Palantir - Software Engineer, Internship - Infrastructure
2025-11-07 14:43:50 [INFO] [JobBot]: Inserted new job: Palantir - Software Engineer, Internship - Production Infrastructure
2025-11-07 14:43:50 [INFO] [JobBot]: Inserted new job: Palantir - Capture and Proposal Strategist - Federal Health & Civil
2025-11-07 14:43:50 [INFO] [JobBot]: Inserted new job: Palantir - Capture and Proposal Strategist - US Defense
2025-11-07 14:43:50 [INFO] [JobBot]: Inserted new job: Palantir - Deployment Strategist - Intel
2025-11-07 14:43:51 [INFO] [JobBot]: Inserted new job: Palantir - Deployment Strategist - US Government
2025-11-07 14:43:51 [INFO] [JobBot]: Inserted new job: Palantir - Information Systems Security Manager
2025-11-07 14:43:51 [INFO] [JobBot]: Inserted new job: Palantir - Forward Deployed Software Engineer - Intel
2025-11-07 14:43:51 [INFO] [JobBot]: Inserted new job: Palantir - Forward Deployed Software Engineer - US Government
2025-11-07 14:43:51 [INFO] [JobBot]: Inserted new job: Palantir - Capture and Proposal Strategist - UK Government
2025-11-07 14:43:51 [INFO] [JobBot]: Inserted new job: Palantir - Deployment Strategist
2025-11-07 14:43:51 [INFO] [JobBot]: Inserted new job: Palantir - Deployment Strategist - UK Government
2025-11-07 14:43:51 [INFO] [JobBot]: Inserted new job: Palantir - Forward Deployed Infrastructure Engineer - UK Government
2025-11-07 14:43:51 [INFO] [JobBot]: Inserted new job: Palantir - Forward Deployed Software Engineer
2025-11-07 14:43:51 [INFO] [JobBot]: Inserted new job: Palantir - 3D Software Engineer - Application Development
2025-11-07 14:43:51 [INFO] [JobBot]: Inserted new job: Palantir - Backend Software Engineer - Application Development
2025-11-07 14:43:51 [INFO] [JobBot]: Inserted new job: Palantir - Backend Software Engineer - Infrastructure
2025-11-07 14:43:51 [INFO] [JobBot]: Inserted new job: Palantir - Data Engineer
2025-11-07 14:43:51 [INFO] [JobBot]: Inserted new job: Palantir - Full Stack Software Engineer - Application Development
2025-11-07 14:43:51 [INFO] [JobBot]: Inserted new job: Palantir - Senior Front End Software Engineer - Application Development
2025-11-07 14:43:51 [INFO] [JobBot]: Inserted new job: Palantir - Software Engineer - Frontline
2025-11-07 14:43:51 [INFO] [JobBot]: Inserted new job: Palantir - Software Engineer - Infrastructure, Foundry Platform
2025-11-07 14:43:51 [INFO] [JobBot]: Inserted new job: Palantir - Software Engineer – Revenue Intelligence, Cost Optimization & Pricing Systems
2025-11-07 14:43:51 [INFO] [JobBot]: Inserted new job: Palantir - Technical Writer
2025-11-07 14:43:51 [INFO] [JobBot]: Inserted new job: Palantir - Software Engineer - Developer Productivity
2025-11-07 14:43:51 [INFO] [JobBot]: Inserted new job: Palantir - Software Engineer - Frontend Developer Productivity
2025-11-07 14:43:51 [INFO] [JobBot]: Inserted new job: Palantir - Forward Deployed Software Engineer - Edge Autonomous Systems
2025-11-07 14:43:51 [INFO] [JobBot]: Inserted new job: Palantir - Mixed Reality Developer
2025-11-07 14:43:51 [INFO] [JobBot]: Inserted new job: Palantir - Product Concept Designer - Defense
2025-11-07 14:43:51 [INFO] [JobBot]: Inserted new job: Palantir - Product Designer - US Government
2025-11-07 14:43:51 [INFO] [JobBot]: Inserted new job: Palantir - Senior Software Engineer - Autonomous Systems
2025-11-07 14:43:51 [INFO] [JobBot]: Inserted new job: Palantir - Software Engineer - Edge
2025-11-07 14:43:51 [INFO] [JobBot]: Inserted new job: Palantir - Web Application Developer - Defense
2025-11-07 14:43:51 [INFO] [JobBot]: Inserted new job: Palantir - Ceph Infrastructure Engineer
2025-11-07 14:43:51 [INFO] [JobBot]: Inserted new job: Palantir - Forward Deployed Infrastructure Engineer - US Government
2025-11-07 14:43:51 [INFO] [JobBot]: Inserted new job: Palantir - Front End Engineer - Apollo Platform
2025-11-07 14:43:51 [INFO] [JobBot]: Inserted new job: Palantir - Full Stack Engineer - Mission Manager
2025-11-07 14:43:51 [INFO] [JobBot]: Inserted new job: Palantir - Full Stack Software Engineer - Apollo Platform
2025-11-07 14:43:51 [INFO] [JobBot]: Inserted new job: Palantir - Senior Software Engineer, Network Infrastructure
2025-11-07 14:43:51 [INFO] [JobBot]: Inserted new job: Palantir - Senior Software Engineer, Substrate
2025-11-07 14:43:51 [INFO] [JobBot]: Inserted new job: Palantir - Software Engineer - Apollo Platform
2025-11-07 14:43:51 [INFO] [JobBot]: Inserted new job: Palantir - Software Engineer - Environment Platform
2025-11-07 14:43:51 [INFO] [JobBot]: Inserted new job: Palantir - Software Engineer - Mission Manager
2025-11-07 14:43:51 [INFO] [JobBot]: Inserted new job: Palantir - Staff Software Engineer - Observability
2025-11-07 14:43:51 [INFO] [JobBot]: Inserted new job: Palantir - Incident Management Engineer
2025-11-07 14:43:51 [INFO] [JobBot]: Inserted new job: Palantir - Technical Program Manager (TPM)
2025-11-07 14:43:51 [INFO] [JobBot]: Inserted new job: Palantir - Technical Program Manager (TPM) - Defense
2025-11-07 14:43:51 [INFO] [JobBot]: Inserted new job: Palantir - Application Security Engineer
2025-11-07 14:43:51 [INFO] [JobBot]: Inserted new job: Palantir - Compliance Engineer
2025-11-07 14:43:51 [INFO] [JobBot]: Inserted new job: Palantir - Information Security Engineer
2025-11-07 14:43:51 [INFO] [JobBot]: Inserted new job: Palantir - Facility Security Officer
2025-11-07 14:43:51 [INFO] [JobBot]: Inserted new job: Palantir - Privacy and Civil Liberties Software Engineer
2025-11-07 14:43:51 [INFO] [JobBot]: Inserted new job: Palantir - Site Reliability Operations Analyst - Commercial
2025-11-07 14:43:51 [INFO] [JobBot]: Inserted new job: Palantir - Site Reliability Operations Analyst - US Government
2025-11-07 14:43:51 [INFO] [JobBot]: Inserted new job: Palantir - Support Engineer - US Government
2025-11-07 14:43:51 [INFO] [JobBot]: Inserted new job: Palantir - Systems Engineer - Business Systems
2025-11-07 14:43:51 [INFO] [JobBot]: Inserted new job: Palantir - Systems Engineer - Microsoft 365
2025-11-07 18:50:55 [ERROR] [JobBot]: Scraper error: 
2025-11-07 18:52:50 [ERROR] [JobBot]: Scraper error: __aenter__
Traceback (most recent call last):
  File "C:\Users\myers\OneDrive\Desktop\JobBot\backend\lib\run_scrape.py", line 78, in run_palantir_scrape
    async with startCamoufox() as context:
AttributeError: __aenter__
2025-11-07 18:53:52 [ERROR] [JobBot]: Scraper error: __aenter__
Traceback (most recent call last):
  File "C:\Users\myers\OneDrive\Desktop\JobBot\backend\lib\run_scrape.py", line 78, in run_palantir_scrape
    async with startCamoufox() as context:
AttributeError: __aenter__
2025-11-07 18:53:54 [ERROR] [JobBot]: Scraper error: __aenter__
Traceback (most recent call last):
  File "C:\Users\myers\OneDrive\Desktop\JobBot\backend\lib\run_scrape.py", line 78, in run_palantir_scrape
    async with startCamoufox() as context:
AttributeError: __aenter__
2025-11-07 18:54:53 [ERROR] [JobBot]: Scraper error: __aenter__
Traceback (most recent call last):
  File "C:\Users\myers\OneDrive\Desktop\JobBot\backend\lib\run_scrape.py", line 78, in run_palantir_scrape
    async with startCamoufox() as context:
AttributeError: __aenter__
2025-11-07 18:55:47 [ERROR] [JobBot]: Scraper error: 
Traceback (most recent call last):
  File "C:\Users\myers\OneDrive\Desktop\JobBot\backend\lib\run_scrape.py", line 78, in run_palantir_scrape
    async with startCamoufox() as context:
  File "C:\Users\myers\OneDrive\Desktop\JobBot\venv\lib\site-packages\camoufox\async_api.py", line 30, in __aenter__
    _playwright = await super().__aenter__()
  File "C:\Users\myers\OneDrive\Desktop\JobBot\venv\lib\site-packages\playwright\async_api\_context_manager.py", line 46, in __aenter__
    playwright = AsyncPlaywright(next(iter(done)).result())
  File "C:\Users\myers\OneDrive\Desktop\JobBot\venv\lib\site-packages\playwright\_impl\_connection.py", line 312, in run
    await self._transport.connect()
  File "C:\Users\myers\OneDrive\Desktop\JobBot\venv\lib\site-packages\playwright\_impl\_transport.py", line 133, in connect
    raise exc
  File "C:\Users\myers\OneDrive\Desktop\JobBot\venv\lib\site-packages\playwright\_impl\_transport.py", line 120, in connect
    self._proc = await asyncio.create_subprocess_exec(
  File "C:\Users\myers\AppData\Local\Programs\Python\Python310\lib\asyncio\subprocess.py", line 218, in create_subprocess_exec
    transport, protocol = await loop.subprocess_exec(
  File "C:\Users\myers\AppData\Local\Programs\Python\Python310\lib\asyncio\base_events.py", line 1652, in subprocess_exec
    transport = await self._make_subprocess_transport(
  File "C:\Users\myers\AppData\Local\Programs\Python\Python310\lib\asyncio\base_events.py", line 493, in _make_subprocess_transport
    raise NotImplementedError
NotImplementedError
2025-11-07 19:03:36 [ERROR] [JobBot]: Scraper error: 
Traceback (most recent call last):
  File "C:\Users\myers\OneDrive\Desktop\JobBot\backend\lib\run_scrape.py", line 78, in run_palantir_scrape
    async with startCamoufox() as context:
  File "C:\Users\myers\OneDrive\Desktop\JobBot\venv\lib\site-packages\camoufox\async_api.py", line 30, in __aenter__
    _playwright = await super().__aenter__()
  File "C:\Users\myers\OneDrive\Desktop\JobBot\venv\lib\site-packages\playwright\async_api\_context_manager.py", line 46, in __aenter__
    playwright = AsyncPlaywright(next(iter(done)).result())
  File "C:\Users\myers\OneDrive\Desktop\JobBot\venv\lib\site-packages\playwright\_impl\_connection.py", line 312, in run
    await self._transport.connect()
  File "C:\Users\myers\OneDrive\Desktop\JobBot\venv\lib\site-packages\playwright\_impl\_transport.py", line 133, in connect
    raise exc
  File "C:\Users\myers\OneDrive\Desktop\JobBot\venv\lib\site-packages\playwright\_impl\_transport.py", line 120, in connect
    self._proc = await asyncio.create_subprocess_exec(
  File "C:\Users\myers\AppData\Local\Programs\Python\Python310\lib\asyncio\subprocess.py", line 218, in create_subprocess_exec
    transport, protocol = await loop.subprocess_exec(
  File "C:\Users\myers\AppData\Local\Programs\Python\Python310\lib\asyncio\base_events.py", line 1652, in subprocess_exec
    transport = await self._make_subprocess_transport(
  File "C:\Users\myers\AppData\Local\Programs\Python\Python310\lib\asyncio\base_events.py", line 493, in _make_subprocess_transport
    raise NotImplementedError
NotImplementedError
2025-11-07 19:04:31 [ERROR] [JobBot]: Scraper error: 
Traceback (most recent call last):
  File "C:\Users\myers\OneDrive\Desktop\JobBot\backend\lib\run_scrape.py", line 78, in run_palantir_scrape
    async with startCamoufox() as context:
  File "C:\Users\myers\OneDrive\Desktop\JobBot\venv\lib\site-packages\camoufox\async_api.py", line 30, in __aenter__
    _playwright = await super().__aenter__()
  File "C:\Users\myers\OneDrive\Desktop\JobBot\venv\lib\site-packages\playwright\async_api\_context_manager.py", line 46, in __aenter__
    playwright = AsyncPlaywright(next(iter(done)).result())
  File "C:\Users\myers\OneDrive\Desktop\JobBot\venv\lib\site-packages\playwright\_impl\_connection.py", line 312, in run
    await self._transport.connect()
  File "C:\Users\myers\OneDrive\Desktop\JobBot\venv\lib\site-packages\playwright\_impl\_transport.py", line 133, in connect
    raise exc
  File "C:\Users\myers\OneDrive\Desktop\JobBot\venv\lib\site-packages\playwright\_impl\_transport.py", line 120, in connect
    self._proc = await asyncio.create_subprocess_exec(
  File "C:\Users\myers\AppData\Local\Programs\Python\Python310\lib\asyncio\subprocess.py", line 218, in create_subprocess_exec
    transport, protocol = await loop.subprocess_exec(
  File "C:\Users\myers\AppData\Local\Programs\Python\Python310\lib\asyncio\base_events.py", line 1652, in subprocess_exec
    transport = await self._make_subprocess_transport(
  File "C:\Users\myers\AppData\Local\Programs\Python\Python310\lib\asyncio\base_events.py", line 493, in _make_subprocess_transport
    raise NotImplementedError
NotImplementedError
2025-11-07 19:07:11 [ERROR] [JobBot]: Scraper error: 
Traceback (most recent call last):
  File "C:\Users\myers\OneDrive\Desktop\JobBot\backend\lib\run_scrape.py", line 78, in run_palantir_scrape
    async with startCamoufox() as context:
  File "C:\Users\myers\OneDrive\Desktop\JobBot\venv\lib\site-packages\camoufox\async_api.py", line 30, in __aenter__
    _playwright = await super().__aenter__()
  File "C:\Users\myers\OneDrive\Desktop\JobBot\venv\lib\site-packages\playwright\async_api\_context_manager.py", line 46, in __aenter__
    playwright = AsyncPlaywright(next(iter(done)).result())
  File "C:\Users\myers\OneDrive\Desktop\JobBot\venv\lib\site-packages\playwright\_impl\_connection.py", line 312, in run
    await self._transport.connect()
  File "C:\Users\myers\OneDrive\Desktop\JobBot\venv\lib\site-packages\playwright\_impl\_transport.py", line 133, in connect
    raise exc
  File "C:\Users\myers\OneDrive\Desktop\JobBot\venv\lib\site-packages\playwright\_impl\_transport.py", line 120, in connect
    self._proc = await asyncio.create_subprocess_exec(
  File "C:\Users\myers\AppData\Local\Programs\Python\Python310\lib\asyncio\subprocess.py", line 218, in create_subprocess_exec
    transport, protocol = await loop.subprocess_exec(
  File "C:\Users\myers\AppData\Local\Programs\Python\Python310\lib\asyncio\base_events.py", line 1652, in subprocess_exec
    transport = await self._make_subprocess_transport(
  File "C:\Users\myers\AppData\Local\Programs\Python\Python310\lib\asyncio\base_events.py", line 493, in _make_subprocess_transport
    raise NotImplementedError
NotImplementedError
2025-11-07 19:20:29 [ERROR] [JobBot]: Scraper error: 'NoneType' object has no attribute 'new_page'
Traceback (most recent call last):
  File "C:\Users\myers\OneDrive\Desktop\JobBot\backend\lib\run_scrape.py", line 78, in run_palantir_scrape
    job_data = await get_palantir_job_data(context)
  File "C:\Users\myers\OneDrive\Desktop\JobBot\backend\lib\run_scrape.py", line 24, in get_palantir_job_data
    page : Page = await context.new_page()
AttributeError: 'NoneType' object has no attribute 'new_page'
2025-11-07 19:21:22 [ERROR] [JobBot]: Scraper error: 'NoneType' object has no attribute 'new_page'
Traceback (most recent call last):
  File "C:\Users\myers\OneDrive\Desktop\JobBot\backend\lib\run_scrape.py", line 78, in run_palantir_scrape
    job_data = await get_palantir_job_data(context)
  File "C:\Users\myers\OneDrive\Desktop\JobBot\backend\lib\run_scrape.py", line 24, in get_palantir_job_data
    page : Page = await context.new_page()
AttributeError: 'NoneType' object has no attribute 'new_page'
2025-11-07 19:28:12 [INFO] [JobBot]: Inserted new job: Palantir - Forward Deployed Software Engineer, New Grad - Commercial
2025-11-07 19:28:12 [INFO] [JobBot]: Inserted new job: Palantir - Forward Deployed Software Engineer, New Grad - UK Government
2025-11-07 19:28:12 [INFO] [JobBot]: Inserted new job: Palantir - Forward Deployed Software Engineer, New Grad - US Government
2025-11-07 19:28:12 [INFO] [JobBot]: Inserted new job: Palantir - Product Designer, New Grad - Developer Experience
2025-11-07 19:28:12 [INFO] [JobBot]: Inserted new job: Palantir - Product Designer, New Grad - US Government
2025-11-07 19:28:12 [INFO] [JobBot]: Inserted new job: Palantir - Software Engineer, New Grad
2025-11-07 19:28:12 [INFO] [JobBot]: Inserted new job: Palantir - Software Engineer, New Grad - Defense
2025-11-07 19:28:12 [INFO] [JobBot]: Inserted new job: Palantir - Software Engineer, New Grad - Infrastructure
2025-11-07 19:28:12 [INFO] [JobBot]: Inserted new job: Palantir - Software Engineer, New Grad - Production Infrastructure
2025-11-07 19:28:12 [INFO] [JobBot]: Inserted new job: Palantir - Forward Deployed Software Engineer, Internship - Commercial
2025-11-07 19:28:12 [INFO] [JobBot]: Inserted new job: Palantir - Forward Deployed Software Engineer, Internship - UK Government
2025-11-07 19:28:12 [INFO] [JobBot]: Inserted new job: Palantir - Product Designer, Internship
2025-11-07 19:28:12 [INFO] [JobBot]: Inserted new job: Palantir - Product Designer, Internship - US Government
2025-11-07 19:28:12 [INFO] [JobBot]: Inserted new job: Palantir - Software Engineer, Internship
2025-11-07 19:28:12 [INFO] [JobBot]: Inserted new job: Palantir - Software Engineer, Internship - Defense Tech
2025-11-07 19:28:12 [INFO] [JobBot]: Inserted new job: Palantir - Software Engineer, Internship - Infrastructure
2025-11-07 19:28:12 [INFO] [JobBot]: Inserted new job: Palantir - Software Engineer, Internship - Production Infrastructure
2025-11-07 19:28:12 [INFO] [JobBot]: Inserted new job: Palantir - Capture and Proposal Strategist - Federal Health & Civil
2025-11-07 19:28:12 [INFO] [JobBot]: Inserted new job: Palantir - Capture and Proposal Strategist - US Defense
2025-11-07 19:28:12 [INFO] [JobBot]: Inserted new job: Palantir - Deployment Strategist - Intel
2025-11-07 19:28:12 [INFO] [JobBot]: Inserted new job: Palantir - Deployment Strategist - US Government
2025-11-07 19:28:12 [INFO] [JobBot]: Inserted new job: Palantir - Information Systems Security Manager
2025-11-07 19:28:12 [INFO] [JobBot]: Inserted new job: Palantir - Forward Deployed Software Engineer - Intel
2025-11-07 19:28:12 [INFO] [JobBot]: Inserted new job: Palantir - Forward Deployed Software Engineer - US Government
2025-11-07 19:28:12 [INFO] [JobBot]: Inserted new job: Palantir - Capture and Proposal Strategist - UK Government
2025-11-07 19:28:12 [INFO] [JobBot]: Inserted new job: Palantir - Deployment Strategist
2025-11-07 19:28:12 [INFO] [JobBot]: Inserted new job: Palantir - Deployment Strategist - UK Government
2025-11-07 19:28:12 [INFO] [JobBot]: Inserted new job: Palantir - Forward Deployed Infrastructure Engineer - UK Government
2025-11-07 19:28:12 [INFO] [JobBot]: Inserted new job: Palantir - Forward Deployed Software Engineer
2025-11-07 19:28:12 [INFO] [JobBot]: Inserted new job: Palantir - 3D Software Engineer - Application Development
2025-11-07 19:28:12 [INFO] [JobBot]: Inserted new job: Palantir - Backend Software Engineer - Application Development
2025-11-07 19:28:12 [INFO] [JobBot]: Inserted new job: Palantir - Backend Software Engineer - Infrastructure
2025-11-07 19:28:12 [INFO] [JobBot]: Inserted new job: Palantir - Data Engineer
2025-11-07 19:28:12 [INFO] [JobBot]: Inserted new job: Palantir - Full Stack Software Engineer - Application Development
2025-11-07 19:28:12 [INFO] [JobBot]: Inserted new job: Palantir - Senior Front End Software Engineer - Application Development
2025-11-07 19:28:12 [INFO] [JobBot]: Inserted new job: Palantir - Software Engineer - Frontline
2025-11-07 19:28:12 [INFO] [JobBot]: Inserted new job: Palantir - Software Engineer - Infrastructure, Foundry Platform
2025-11-07 19:28:12 [INFO] [JobBot]: Inserted new job: Palantir - Software Engineer – Revenue Intelligence, Cost Optimization & Pricing Systems
2025-11-07 19:28:12 [INFO] [JobBot]: Inserted new job: Palantir - Technical Writer
2025-11-07 19:28:12 [INFO] [JobBot]: Inserted new job: Palantir - Software Engineer - Developer Productivity
2025-11-07 19:28:12 [INFO] [JobBot]: Inserted new job: Palantir - Software Engineer - Frontend Developer Productivity
2025-11-07 19:28:12 [INFO] [JobBot]: Inserted new job: Palantir - Forward Deployed Software Engineer - Edge Autonomous Systems
2025-11-07 19:28:12 [INFO] [JobBot]: Inserted new job: Palantir - Mixed Reality Developer
2025-11-07 19:28:12 [INFO] [JobBot]: Inserted new job: Palantir - Product Concept Designer - Defense
2025-11-07 19:28:12 [INFO] [JobBot]: Inserted new job: Palantir - Product Designer - US Government
2025-11-07 19:28:12 [INFO] [JobBot]: Inserted new job: Palantir - Senior Software Engineer - Autonomous Systems
2025-11-07 19:28:12 [INFO] [JobBot]: Inserted new job: Palantir - Software Engineer - Edge
2025-11-07 19:28:12 [INFO] [JobBot]: Inserted new job: Palantir - Web Application Developer - Defense
2025-11-07 19:28:12 [INFO] [JobBot]: Inserted new job: Palantir - Ceph Infrastructure Engineer
2025-11-07 19:28:12 [INFO] [JobBot]: Inserted new job: Palantir - Forward Deployed Infrastructure Engineer - US Government
2025-11-07 19:28:12 [INFO] [JobBot]: Inserted new job: Palantir - Front End Engineer - Apollo Platform
2025-11-07 19:28:12 [INFO] [JobBot]: Inserted new job: Palantir - Full Stack Engineer - Mission Manager
2025-11-07 19:28:12 [INFO] [JobBot]: Inserted new job: Palantir - Full Stack Software Engineer - Apollo Platform
2025-11-07 19:28:12 [INFO] [JobBot]: Inserted new job: Palantir - Senior Software Engineer, Network Infrastructure
2025-11-07 19:28:12 [INFO] [JobBot]: Inserted new job: Palantir - Senior Software Engineer, Substrate
2025-11-07 19:28:12 [INFO] [JobBot]: Inserted new job: Palantir - Software Engineer - Apollo Platform
2025-11-07 19:28:12 [INFO] [JobBot]: Inserted new job: Palantir - Software Engineer - Environment Platform
2025-11-07 19:28:12 [INFO] [JobBot]: Inserted new job: Palantir - Software Engineer - Mission Manager
2025-11-07 19:28:12 [INFO] [JobBot]: Inserted new job: Palantir - Staff Software Engineer - Observability
2025-11-07 19:28:12 [INFO] [JobBot]: Inserted new job: Palantir - Incident Management Engineer
2025-11-07 19:28:12 [INFO] [JobBot]: Inserted new job: Palantir - Technical Program Manager (TPM)
2025-11-07 19:28:12 [INFO] [JobBot]: Inserted new job: Palantir - Technical Program Manager (TPM) - Defense
2025-11-07 19:28:12 [INFO] [JobBot]: Inserted new job: Palantir - Application Security Engineer
2025-11-07 19:28:12 [INFO] [JobBot]: Inserted new job: Palantir - Compliance Engineer
2025-11-07 19:28:12 [INFO] [JobBot]: Inserted new job: Palantir - Information Security Engineer
2025-11-07 19:28:12 [INFO] [JobBot]: Inserted new job: Palantir - Facility Security Officer
2025-11-07 19:28:12 [INFO] [JobBot]: Inserted new job: Palantir - Privacy and Civil Liberties Software Engineer
2025-11-07 19:28:12 [INFO] [JobBot]: Inserted new job: Palantir - Site Reliability Operations Analyst - Commercial
2025-11-07 19:28:12 [INFO] [JobBot]: Inserted new job: Palantir - Site Reliability Operations Analyst - US Government
2025-11-07 19:28:12 [INFO] [JobBot]: Inserted new job: Palantir - Support Engineer - US Government
2025-11-07 19:28:12 [INFO] [JobBot]: Inserted new job: Palantir - Systems Engineer - Business Systems
2025-11-07 19:28:12 [INFO] [JobBot]: Inserted new job: Palantir - Systems Engineer - Microsoft 365
